<?xml version="1.0" encoding="UTF-8"?>
<!-- Generated by org.testng.reporters.JUnitReportReporter -->
<testsuite hostname="C1GF112CIQ" name="sep_Java_Programs.OpenBrowserTest" tests="2" failures="0" timestamp="6 Sep 2019 04:05:37 GMT" time="10.649" errors="0">
  <testcase name="navigateURL" time="4.344" classname="sep_Java_Programs.OpenBrowserTest"/>
  <testcase name="openBrowser" time="6.305" classname="sep_Java_Programs.OpenBrowserTest"/>
</testsuite> <!-- sep_Java_Programs.OpenBrowserTest -->
