<?xml version="1.0" encoding="UTF-8"?>
<!-- Generated by org.testng.reporters.JUnitReportReporter -->
<testsuite hostname="C1GF112CIQ" name="pom.MainClass" tests="1" failures="0" timestamp="10 Aug 2019 09:15:31 GMT" time="11.857" errors="0">
  <testcase name="myAug" time="11.857" classname="pom.MainClass"/>
</testsuite> <!-- pom.MainClass -->
