<?xml version="1.0" encoding="UTF-8"?>
<!-- Generated by org.testng.reporters.JUnitReportReporter -->
<testsuite hostname="C1GF112CIQ" name="practise_package.openBrow" tests="1" failures="0" timestamp="30 Jul 2019 06:54:05 GMT" time="5.635" errors="0">
  <testcase name="mainClass" time="5.635" classname="practise_package.openBrow"/>
</testsuite> <!-- practise_package.openBrow -->
