<?xml version="1.0" encoding="UTF-8"?>
<!-- Generated by org.testng.reporters.JUnitReportReporter -->
<testsuite hostname="C1GF112CIQ" name="sep_Java_Programs.OpenBrowserTest" tests="3" failures="0" timestamp="6 Sep 2019 08:48:14 GMT" time="13.785" errors="0">
  <testcase name="navigateURL" time="5.308" classname="sep_Java_Programs.OpenBrowserTest"/>
  <testcase name="RegisterFacebook" time="4.235" classname="sep_Java_Programs.OpenBrowserTest"/>
  <testcase name="TestStart_Facebook" time="4.242" classname="sep_Java_Programs.OpenBrowserTest"/>
</testsuite> <!-- sep_Java_Programs.OpenBrowserTest -->
