<?xml version="1.0" encoding="UTF-8"?>
<!-- Generated by org.testng.reporters.JUnitReportReporter -->
<testsuite hostname="C1GF112CIQ" name="practise_package.Prizme_Program" tests="1" failures="0" timestamp="26 Jul 2019 06:44:55 GMT" time="0.014" errors="0">
  <testcase name="main_Star" time="0.014" classname="practise_package.Prizme_Program"/>
</testsuite> <!-- practise_package.Prizme_Program -->
