<?xml version="1.0" encoding="UTF-8"?>
<!-- Generated by org.testng.reporters.JUnitReportReporter -->
<testsuite hostname="C1GF112CIQ" name="sep_Java_Programs.DoubleClick_Test" tests="1" failures="0" timestamp="6 Sep 2019 12:10:11 GMT" time="11.806" errors="0">
  <testcase name="test" time="11.806" classname="sep_Java_Programs.DoubleClick_Test"/>
</testsuite> <!-- sep_Java_Programs.DoubleClick_Test -->
