<?xml version="1.0" encoding="UTF-8"?>
<!-- Generated by org.testng.reporters.JUnitReportReporter -->
<testsuite hostname="C1GF112CIQ" name="practise_package.OpenBrowser_Excel" tests="1" failures="0" timestamp="2 Aug 2019 11:57:57 GMT" time="5.148" errors="0">
  <testcase name="getOpenBro" time="5.148" classname="practise_package.OpenBrowser_Excel"/>
</testsuite> <!-- practise_package.OpenBrowser_Excel -->
