<?xml version="1.0" encoding="UTF-8"?>
<!-- Generated by org.testng.reporters.JUnitReportReporter -->
<testsuite hostname="C1GF112CIQ" name="practise_package_2.MainClass" tests="1" failures="0" timestamp="26 Aug 2019 06:54:51 GMT" time="11.981" errors="0">
  <testcase name="callingMethod" time="11.981" classname="practise_package_2.MainClass"/>
</testsuite> <!-- practise_package_2.MainClass -->
