<?xml version="1.0" encoding="UTF-8"?>
<!-- Generated by org.testng.reporters.JUnitReportReporter -->
<testsuite hostname="LAPTOP-RPU5051R" name="sep_Java_Programs.Proper" tests="1" failures="0" timestamp="10 Sep 2019 15:08:33 GMT" time="0.009" errors="0">
  <testcase name="test" time="0.009" classname="sep_Java_Programs.Proper"/>
</testsuite> <!-- sep_Java_Programs.Proper -->
